TN:
SF:C:/Users/snmsung/Desktop/WEconnect/server/app.js
FN:31,(anonymous_0)
FN:38,(anonymous_1)
FNF:2
FNH:1
FNDA:0,(anonymous_0)
FNDA:6,(anonymous_1)
DA:1,1
DA:2,1
DA:4,1
DA:5,1
DA:6,1
DA:8,1
DA:9,1
DA:10,1
DA:12,1
DA:15,1
DA:16,1
DA:20,1
DA:21,1
DA:22,1
DA:23,1
DA:24,1
DA:26,1
DA:27,1
DA:28,1
DA:31,1
DA:32,0
DA:33,0
DA:34,0
DA:38,1
DA:40,6
DA:41,6
DA:44,6
DA:45,6
DA:48,1
LF:29
LH:26
BRDA:41,0,0,6
BRDA:41,0,1,0
BRDA:44,1,0,6
BRDA:44,1,1,6
BRF:4
BRH:3
end_of_record
TN:
SF:C:/Users/snmsung/Desktop/WEconnect/server/controllers/auth.js
FN:39,(anonymous_9)
FNF:1
FNH:1
FNDA:16,(anonymous_9)
DA:1,1
DA:15,2
DA:16,1
DA:17,1
DA:18,0
DA:23,1
DA:24,1
DA:37,8
DA:38,4
DA:39,4
DA:40,16
DA:41,4
DA:47,2
LF:13
LH:12
BRDA:17,0,0,0
BRDA:17,0,1,1
BRDA:17,1,0,1
BRDA:17,1,1,1
BRDA:40,2,0,4
BRDA:40,2,1,12
BRDA:40,3,0,16
BRDA:40,3,1,6
BRF:8
BRH:7
end_of_record
TN:
SF:C:/Users/snmsung/Desktop/WEconnect/server/controllers/businesses.js
FN:52,(anonymous_9)
FN:68,(anonymous_10)
FN:104,(anonymous_12)
FN:137,(anonymous_14)
FN:162,(anonymous_16)
FNF:5
FNH:5
FNDA:3,(anonymous_9)
FNDA:3,(anonymous_10)
FNDA:4,(anonymous_12)
FNDA:3,(anonymous_14)
FNDA:4,(anonymous_16)
DA:1,1
DA:15,4
DA:18,1
DA:20,1
DA:21,0
DA:27,1
DA:28,1
DA:31,1
DA:32,1
DA:47,3
DA:48,3
DA:50,3
DA:51,1
DA:52,1
DA:53,3
DA:54,3
DA:57,1
DA:58,0
DA:63,1
DA:66,2
DA:67,1
DA:68,1
DA:69,3
DA:70,2
DA:73,1
DA:74,0
DA:79,1
DA:82,1
DA:96,1
DA:97,0
DA:102,1
DA:103,1
DA:104,1
DA:105,4
DA:106,1
DA:107,1
DA:108,1
DA:109,1
DA:111,1
DA:114,1
DA:115,1
DA:121,0
DA:135,1
DA:137,1
DA:138,3
DA:139,1
DA:140,1
DA:146,1
DA:160,1
DA:162,1
DA:163,4
DA:164,1
DA:171,1
LF:53
LH:48
BRDA:20,0,0,0
BRDA:20,0,1,1
BRDA:50,1,0,1
BRDA:50,1,1,2
BRDA:53,2,0,3
BRDA:53,2,1,0
BRDA:57,3,0,0
BRDA:57,3,1,1
BRDA:66,4,0,1
BRDA:66,4,1,1
BRDA:69,5,0,2
BRDA:69,5,1,1
BRDA:73,6,0,0
BRDA:73,6,1,1
BRDA:96,7,0,0
BRDA:96,7,1,1
BRDA:105,8,0,1
BRDA:105,8,1,3
BRDA:106,9,0,1
BRDA:106,9,1,0
BRDA:107,10,0,1
BRDA:107,10,1,0
BRDA:108,11,0,1
BRDA:108,11,1,0
BRDA:109,12,0,1
BRDA:109,12,1,0
BRDA:114,13,0,1
BRDA:114,13,1,0
BRDA:138,14,0,1
BRDA:138,14,1,2
BRDA:163,15,0,1
BRDA:163,15,1,3
BRF:32
BRH:22
end_of_record
TN:
SF:C:/Users/snmsung/Desktop/WEconnect/server/controllers/reviews.js
FN:20,(anonymous_8)
FN:50,(anonymous_10)
FNF:2
FNH:2
FNDA:4,(anonymous_8)
FNDA:4,(anonymous_10)
DA:1,1
DA:15,3
DA:16,1
DA:17,1
DA:20,1
DA:21,4
DA:22,1
DA:23,1
DA:27,1
DA:28,1
DA:35,1
DA:48,1
DA:50,1
DA:51,4
DA:52,1
DA:58,1
LF:16
LH:16
BRDA:21,0,0,1
BRDA:21,0,1,3
BRDA:51,1,0,1
BRDA:51,1,1,3
BRF:4
BRH:4
end_of_record
TN:
SF:C:/Users/snmsung/Desktop/WEconnect/server/models/dummyBusinesses.js
FNF:0
FNH:0
DA:1,1
DA:3,1
LF:2
LH:2
BRF:0
BRH:0
end_of_record
TN:
SF:C:/Users/snmsung/Desktop/WEconnect/server/models/dummyUsers.js
FNF:0
FNH:0
DA:1,1
DA:3,1
LF:2
LH:2
BRF:0
BRH:0
end_of_record
TN:
SF:C:/Users/snmsung/Desktop/WEconnect/server/routes/index.js
FN:6,(anonymous_0)
FNF:1
FNH:0
FNDA:0,(anonymous_0)
DA:1,1
DA:3,1
DA:6,1
DA:7,0
DA:10,1
LF:5
LH:4
BRF:0
BRH:0
end_of_record
TN:
SF:C:/Users/snmsung/Desktop/WEconnect/server/routes/users.js
FN:6,(anonymous_0)
FNF:1
FNH:0
FNDA:0,(anonymous_0)
DA:1,1
DA:3,1
DA:6,1
DA:7,0
DA:10,1
LF:5
LH:4
BRF:0
BRH:0
end_of_record
TN:
SF:C:/Users/snmsung/Desktop/WEconnect/server/routes/v1.js
FNF:0
FNH:0
DA:1,1
DA:2,1
DA:5,1
DA:8,1
DA:10,1
DA:13,1
DA:15,1
DA:18,1
DA:20,1
DA:22,1
DA:25,1
DA:27,1
DA:30,1
LF:13
LH:13
BRF:0
BRH:0
end_of_record
TN:
SF:C:/Users/snmsung/Desktop/WEconnect/server/test/test.js
FN:23,(anonymous_1)
FN:24,(anonymous_2)
FN:28,(anonymous_3)
FN:38,(anonymous_4)
FN:39,(anonymous_5)
FN:46,(anonymous_6)
FN:55,(anonymous_7)
FN:62,(anonymous_8)
FN:73,(anonymous_9)
FN:74,(anonymous_10)
FN:81,(anonymous_11)
FN:89,(anonymous_12)
FN:96,(anonymous_13)
FN:107,(anonymous_14)
FN:108,(anonymous_15)
FN:111,(anonymous_16)
FN:120,(anonymous_17)
FN:121,(anonymous_18)
FN:125,(anonymous_19)
FN:137,(anonymous_20)
FN:138,(anonymous_21)
FN:141,(anonymous_22)
FN:150,(anonymous_23)
FN:151,(anonymous_24)
FN:160,(anonymous_25)
FN:171,(anonymous_26)
FN:172,(anonymous_27)
FN:180,(anonymous_28)
FN:190,(anonymous_29)
FN:191,(anonymous_30)
FN:194,(anonymous_31)
FN:203,(anonymous_32)
FN:204,(anonymous_33)
FN:207,(anonymous_34)
FN:216,(anonymous_35)
FN:217,(anonymous_36)
FN:220,(anonymous_37)
FN:229,(anonymous_38)
FN:230,(anonymous_39)
FN:233,(anonymous_40)
FNF:40
FNH:40
FNDA:1,(anonymous_1)
FNDA:1,(anonymous_2)
FNDA:1,(anonymous_3)
FNDA:1,(anonymous_4)
FNDA:1,(anonymous_5)
FNDA:1,(anonymous_6)
FNDA:1,(anonymous_7)
FNDA:1,(anonymous_8)
FNDA:1,(anonymous_9)
FNDA:1,(anonymous_10)
FNDA:1,(anonymous_11)
FNDA:1,(anonymous_12)
FNDA:1,(anonymous_13)
FNDA:1,(anonymous_14)
FNDA:1,(anonymous_15)
FNDA:1,(anonymous_16)
FNDA:1,(anonymous_17)
FNDA:1,(anonymous_18)
FNDA:1,(anonymous_19)
FNDA:1,(anonymous_20)
FNDA:1,(anonymous_21)
FNDA:1,(anonymous_22)
FNDA:1,(anonymous_23)
FNDA:1,(anonymous_24)
FNDA:1,(anonymous_25)
FNDA:1,(anonymous_26)
FNDA:1,(anonymous_27)
FNDA:1,(anonymous_28)
FNDA:1,(anonymous_29)
FNDA:1,(anonymous_30)
FNDA:1,(anonymous_31)
FNDA:1,(anonymous_32)
FNDA:1,(anonymous_33)
FNDA:1,(anonymous_34)
FNDA:1,(anonymous_35)
FNDA:1,(anonymous_36)
FNDA:1,(anonymous_37)
FNDA:1,(anonymous_38)
FNDA:1,(anonymous_39)
FNDA:1,(anonymous_40)
DA:1,1
DA:2,1
DA:3,1
DA:6,1
DA:8,1
DA:14,1
DA:23,1
DA:24,1
DA:25,1
DA:29,1
DA:30,1
DA:31,1
DA:32,1
DA:38,1
DA:39,1
DA:40,1
DA:47,1
DA:49,1
DA:51,1
DA:55,1
DA:56,1
DA:63,1
DA:65,1
DA:67,1
DA:73,1
DA:74,1
DA:75,1
DA:82,1
DA:84,1
DA:86,1
DA:89,1
DA:90,1
DA:97,1
DA:99,1
DA:101,1
DA:107,1
DA:108,1
DA:109,1
DA:112,1
DA:113,1
DA:114,1
DA:120,1
DA:121,1
DA:122,1
DA:126,1
DA:128,1
DA:130,1
DA:137,1
DA:138,1
DA:139,1
DA:142,1
DA:143,1
DA:144,1
DA:150,1
DA:151,1
DA:152,1
DA:161,1
DA:163,1
DA:165,1
DA:171,1
DA:172,1
DA:173,1
DA:181,1
DA:183,1
DA:184,1
DA:190,1
DA:191,1
DA:192,1
DA:195,1
DA:197,1
DA:203,1
DA:204,1
DA:205,1
DA:208,1
DA:210,1
DA:216,1
DA:217,1
DA:218,1
DA:221,1
DA:223,1
DA:229,1
DA:230,1
DA:231,1
DA:234,1
DA:236,1
LF:85
LH:85
BRF:0
BRH:0
end_of_record
